<?xml version="1.0" encoding="UTF-8"?>
<!-- Generated by org.testng.reporters.JUnitXMLReporter -->
<testsuite ignored="18" hostname="IN-4YZC5S3" failures="2" tests="2" name="Test" time="0.092" errors="0" timestamp="2024-06-13T12:18:42 IST">
  <testcase classname="HomePageTest" name="homePageLogo" time="0.011">
    <failure type="java.lang.NullPointerException" message="Cannot invoke &amp;quot;org.openqa.selenium.WebDriver.getTitle()&amp;quot; because &amp;quot;HomePageTest.driver&amp;quot; is null">
      <![CDATA[java.lang.NullPointerException: Cannot invoke "org.openqa.selenium.WebDriver.getTitle()" because "HomePageTest.driver" is null
at HomePageTest.homePageLogo(HomePageTest.java:16)
at java.base/java.util.ArrayList.forEach(ArrayList.java:1511)
... Removed 31 stack frames]]>
    </failure>
  </testcase> <!-- homePageLogo -->
  <testcase classname="HomePageTest" name="homePageLogo" time="0.056">
    <failure type="java.lang.NullPointerException" message="Cannot invoke &amp;quot;com.aventstack.extentreports.ExtentTest.fail(String)&amp;quot; because &amp;quot;listenerUtils.TestStatusListener.extentTest&amp;quot; is null">
      <![CDATA[java.lang.NullPointerException: Cannot invoke "com.aventstack.extentreports.ExtentTest.fail(String)" because "listenerUtils.TestStatusListener.extentTest" is null
at listenerUtils.TestStatusListener.onTestFailure(TestStatusListener.java:23)
at java.base/java.util.ArrayList.forEach(ArrayList.java:1511)
... Removed 28 stack frames]]>
    </failure>
  </testcase> <!-- homePageLogo -->
  <testcase classname="SearchPageTest" name="checkPagination" time="0.0">
    <ignored/>
  </testcase> <!-- checkPagination -->
  <testcase classname="ProductPageTest" name="validateProduct" time="0.0">
    <ignored/>
  </testcase> <!-- validateProduct -->
  <testcase classname="CartPageTest" name="addToCartTest" time="0.0">
    <ignored/>
  </testcase> <!-- addToCartTest -->
  <testcase classname="SearchPageTest" name="sortLowToHigh" time="0.0">
    <ignored/>
  </testcase> <!-- sortLowToHigh -->
  <testcase classname="SearchPageTest" name="filterByBrand" time="0.0">
    <ignored/>
  </testcase> <!-- filterByBrand -->
  <testcase classname="CartPageTest" name="removeFromCartTest" time="0.0">
    <ignored/>
  </testcase> <!-- removeFromCartTest -->
  <testcase classname="ProductPageTest" name="validateSpecification" time="0.0">
    <ignored/>
  </testcase> <!-- validateSpecification -->
  <testcase classname="SearchPageTest" name="filterByAmount" time="0.0">
    <ignored/>
  </testcase> <!-- filterByAmount -->
  <testcase classname="HomePageTest" name="login" time="0.0">
    <ignored/>
  </testcase> <!-- login -->
  <testcase classname="HomePageTest" name="checkMore" time="0.0">
    <ignored/>
  </testcase> <!-- checkMore -->
  <testcase classname="HomePageTest" name="selectCategory" time="0.0">
    <ignored/>
  </testcase> <!-- selectCategory -->
  <testcase classname="SearchPageTest" name="clearFilterTest" time="0.0">
    <ignored/>
  </testcase> <!-- clearFilterTest -->
  <testcase classname="SearchPageTest" name="searchForProduct" time="0.0">
    <ignored/>
  </testcase> <!-- searchForProduct -->
  <testcase classname="ProductPageTest" name="validateRatings" time="0.0">
    <ignored/>
  </testcase> <!-- validateRatings -->
  <testcase classname="CartPageTest" name="placeOrder" time="0.0">
    <ignored/>
  </testcase> <!-- placeOrder -->
  <testcase classname="CartPageTest" name="updateCartCount" time="0.0">
    <ignored/>
  </testcase> <!-- updateCartCount -->
  <testcase classname="HomePageTest" name="giftCardPage" time="0.0">
    <ignored/>
  </testcase> <!-- giftCardPage -->
  <testcase classname="SearchPageTest" name="invalidSearch" time="0.0">
    <ignored/>
  </testcase> <!-- invalidSearch -->
</testsuite> <!-- Test -->
